This is pdfTeX, Version 3.14159265-2.6-1.40.17 (TeX Live 2016) (preloaded format=pdflatex 2016.5.22)  14 JUN 2019 13:26
entering extended mode
 restricted \write18 enabled.
 file:line:error style messages enabled.
 %&-line parsing enabled.
**optimizer_report_final.tex
(./optimizer_report_final.tex
LaTeX2e <2016/03/31>
Babel <3.9r> and hyphenation patterns for 83 language(s) loaded.
(/usr/local/texlive/2016/texmf-dist/tex/latex/base/article.cls
Document Class: article 2014/09/29 v1.4h Standard LaTeX document class
(/usr/local/texlive/2016/texmf-dist/tex/latex/base/size10.clo
File: size10.clo 2014/09/29 v1.4h Standard LaTeX file (size option)
)
\c@part=\count79
\c@section=\count80
\c@subsection=\count81
\c@subsubsection=\count82
\c@paragraph=\count83
\c@subparagraph=\count84
\c@figure=\count85
\c@table=\count86
\abovecaptionskip=\skip41
\belowcaptionskip=\skip42
\bibindent=\dimen102
)
(/usr/local/texlive/2016/texmf-dist/tex/latex/graphics/graphicx.sty
Package: graphicx 2014/10/28 v1.0g Enhanced LaTeX Graphics (DPC,SPQR)

(/usr/local/texlive/2016/texmf-dist/tex/latex/graphics/keyval.sty
Package: keyval 2014/10/28 v1.15 key=value parser (DPC)
\KV@toks@=\toks14
)
(/usr/local/texlive/2016/texmf-dist/tex/latex/graphics/graphics.sty
Package: graphics 2016/05/09 v1.0r Standard LaTeX Graphics (DPC,SPQR)

(/usr/local/texlive/2016/texmf-dist/tex/latex/graphics/trig.sty
Package: trig 2016/01/03 v1.10 sin cos tan (DPC)
)
(/usr/local/texlive/2016/texmf-dist/tex/latex/graphics-cfg/graphics.cfg
File: graphics.cfg 2016/01/02 v1.10 sample graphics configuration
)
Package graphics Info: Driver file: pdftex.def on input line 96.

(/usr/local/texlive/2016/texmf-dist/tex/latex/pdftex-def/pdftex.def
File: pdftex.def 2011/05/27 v0.06d Graphics/color for pdfTeX

(/usr/local/texlive/2016/texmf-dist/tex/generic/oberdiek/infwarerr.sty
Package: infwarerr 2016/05/16 v1.4 Providing info/warning/error messages (HO)
)
(/usr/local/texlive/2016/texmf-dist/tex/generic/oberdiek/ltxcmds.sty
Package: ltxcmds 2016/05/16 v1.23 LaTeX kernel commands for general use (HO)
)
\Gread@gobject=\count87
))
\Gin@req@height=\dimen103
\Gin@req@width=\dimen104
)
(/usr/local/texlive/2016/texmf-dist/tex/latex/graphics/color.sty
Package: color 2016/05/09 v1.1c Standard LaTeX Color (DPC)

(/usr/local/texlive/2016/texmf-dist/tex/latex/graphics-cfg/color.cfg
File: color.cfg 2016/01/02 v1.6 sample color configuration
)
Package color Info: Driver file: pdftex.def on input line 144.
)
(/usr/local/texlive/2016/texmf-dist/tex/latex/framed/framed.sty
Package: framed 2011/10/22 v 0.96: framed or shaded text with page breaks
\OuterFrameSep=\skip43
\fb@frw=\dimen105
\fb@frh=\dimen106
\FrameRule=\dimen107
\FrameSep=\dimen108
)
(/usr/local/texlive/2016/texmf-dist/tex/latex/base/alltt.sty
Package: alltt 1997/06/16 v2.0g defines alltt environment
)
(/usr/local/texlive/2016/texmf-dist/tex/latex/geometry/geometry.sty
Package: geometry 2010/09/12 v5.6 Page Geometry

(/usr/local/texlive/2016/texmf-dist/tex/generic/oberdiek/ifpdf.sty
Package: ifpdf 2016/05/14 v3.1 Provides the ifpdf switch
)
(/usr/local/texlive/2016/texmf-dist/tex/generic/oberdiek/ifvtex.sty
Package: ifvtex 2016/05/16 v1.6 Detect VTeX and its facilities (HO)
Package ifvtex Info: VTeX not detected.
)
(/usr/local/texlive/2016/texmf-dist/tex/generic/ifxetex/ifxetex.sty
Package: ifxetex 2010/09/12 v0.6 Provides ifxetex conditional
)
\Gm@cnth=\count88
\Gm@cntv=\count89
\c@Gm@tempcnt=\count90
\Gm@bindingoffset=\dimen109
\Gm@wd@mp=\dimen110
\Gm@odd@mp=\dimen111
\Gm@even@mp=\dimen112
\Gm@layoutwidth=\dimen113
\Gm@layoutheight=\dimen114
\Gm@layouthoffset=\dimen115
\Gm@layoutvoffset=\dimen116
\Gm@dimlist=\toks15
)
(/usr/local/texlive/2016/texmf-dist/tex/latex/wallpaper/wallpaper.sty
Package: wallpaper 2005/01/18, v1.01 easy wallpaper formatting (MHFW)

(/usr/local/texlive/2016/texmf-dist/tex/latex/base/ifthen.sty
Package: ifthen 2014/09/29 v1.1c Standard LaTeX ifthen package (DPC)
)
(/usr/local/texlive/2016/texmf-dist/tex/latex/tools/calc.sty
Package: calc 2014/10/28 v4.3 Infix arithmetic (KKT,FJ)
\calc@Acount=\count91
\calc@Bcount=\count92
\calc@Adimen=\dimen117
\calc@Bdimen=\dimen118
\calc@Askip=\skip44
\calc@Bskip=\skip45
LaTeX Info: Redefining \setlength on input line 80.
LaTeX Info: Redefining \addtolength on input line 81.
\calc@Ccount=\count93
\calc@Cskip=\skip46
)
(/usr/local/texlive/2016/texmf-dist/tex/latex/eso-pic/eso-pic.sty
Package: eso-pic 2015/07/21 v2.0g eso-pic (RN)

(/usr/local/texlive/2016/texmf-dist/tex/generic/oberdiek/atbegshi.sty
Package: atbegshi 2016/05/16 v1.17 At begin shipout hook (HO)
))
\wpXoffset=\skip47
\wpYoffset=\skip48
\tileXoffset=\skip49
\tileYoffset=\skip50
\tilewidth=\skip51
\tileheight=\skip52
\tileX=\skip53
\tileY=\skip54
)
(/usr/local/texlive/2016/texmf-dist/tex/latex/hyperref/hyperref.sty
Package: hyperref 2016/05/05 v6.83n Hypertext links for LaTeX

(/usr/local/texlive/2016/texmf-dist/tex/generic/oberdiek/hobsub-hyperref.sty
Package: hobsub-hyperref 2016/05/16 v1.14 Bundle oberdiek, subset hyperref (HO)


(/usr/local/texlive/2016/texmf-dist/tex/generic/oberdiek/hobsub-generic.sty
Package: hobsub-generic 2016/05/16 v1.14 Bundle oberdiek, subset generic (HO)
Package: hobsub 2016/05/16 v1.14 Construct package bundles (HO)
Package hobsub Info: Skipping package `infwarerr' (already loaded).
Package hobsub Info: Skipping package `ltxcmds' (already loaded).
Package: ifluatex 2016/05/16 v1.4 Provides the ifluatex switch (HO)
Package ifluatex Info: LuaTeX not detected.
Package hobsub Info: Skipping package `ifvtex' (already loaded).
Package: intcalc 2016/05/16 v1.2 Expandable calculations with integers (HO)
Package hobsub Info: Skipping package `ifpdf' (already loaded).
Package: etexcmds 2016/05/16 v1.6 Avoid name clashes with e-TeX commands (HO)
Package etexcmds Info: Could not find \expanded.
(etexcmds)             That can mean that you are not using pdfTeX 1.50 or
(etexcmds)             that some package has redefined \expanded.
(etexcmds)             In the latter case, load this package earlier.
Package: kvsetkeys 2016/05/16 v1.17 Key value parser (HO)
Package: kvdefinekeys 2016/05/16 v1.4 Define keys (HO)
Package: pdftexcmds 2016/05/10 v0.21 Utility functions of pdfTeX for LuaTeX (HO
)
Package pdftexcmds Info: LuaTeX not detected.
Package pdftexcmds Info: \pdf@primitive is available.
Package pdftexcmds Info: \pdf@ifprimitive is available.
Package pdftexcmds Info: \pdfdraftmode found.
Package: pdfescape 2016/05/16 v1.14 Implements pdfTeX's escape features (HO)
Package: bigintcalc 2016/05/16 v1.4 Expandable calculations on big integers (HO
)
Package: bitset 2016/05/16 v1.2 Handle bit-vector datatype (HO)
Package: uniquecounter 2016/05/16 v1.3 Provide unlimited unique counter (HO)
)
Package hobsub Info: Skipping package `hobsub' (already loaded).
Package: letltxmacro 2016/05/16 v1.5 Let assignment for LaTeX macros (HO)
Package: hopatch 2016/05/16 v1.3 Wrapper for package hooks (HO)
Package: xcolor-patch 2016/05/16 xcolor patch
Package: atveryend 2016/05/16 v1.9 Hooks at the very end of document (HO)
Package atveryend Info: \enddocument detected (standard20110627).
Package hobsub Info: Skipping package `atbegshi' (already loaded).
Package: refcount 2016/05/16 v3.5 Data extraction from label references (HO)
Package: hycolor 2016/05/16 v1.8 Color options for hyperref/bookmark (HO)
)
(/usr/local/texlive/2016/texmf-dist/tex/latex/oberdiek/auxhook.sty
Package: auxhook 2016/05/16 v1.4 Hooks for auxiliary files (HO)
)
(/usr/local/texlive/2016/texmf-dist/tex/latex/oberdiek/kvoptions.sty
Package: kvoptions 2016/05/16 v3.12 Key value format for package options (HO)
)
\@linkdim=\dimen119
\Hy@linkcounter=\count94
\Hy@pagecounter=\count95

(/usr/local/texlive/2016/texmf-dist/tex/latex/hyperref/pd1enc.def
File: pd1enc.def 2016/05/05 v6.83n Hyperref: PDFDocEncoding definition (HO)
)
\Hy@SavedSpaceFactor=\count96

(/usr/local/texlive/2016/texmf-dist/tex/latex/latexconfig/hyperref.cfg
File: hyperref.cfg 2002/06/06 v1.2 hyperref configuration of TeXLive
)
Package hyperref Info: Hyper figures OFF on input line 4446.
Package hyperref Info: Link nesting OFF on input line 4451.
Package hyperref Info: Hyper index ON on input line 4454.
Package hyperref Info: Plain pages OFF on input line 4461.
Package hyperref Info: Backreferencing OFF on input line 4466.
Package hyperref Info: Implicit mode ON; LaTeX internals redefined.
Package hyperref Info: Bookmarks ON on input line 4691.
\c@Hy@tempcnt=\count97

(/usr/local/texlive/2016/texmf-dist/tex/latex/url/url.sty
\Urlmuskip=\muskip10
Package: url 2013/09/16  ver 3.4  Verb mode for urls, etc.
)
LaTeX Info: Redefining \url on input line 5044.
\XeTeXLinkMargin=\dimen120
\Fld@menulength=\count98
\Field@Width=\dimen121
\Fld@charsize=\dimen122
Package hyperref Info: Hyper figures OFF on input line 6298.
Package hyperref Info: Link nesting OFF on input line 6303.
Package hyperref Info: Hyper index ON on input line 6306.
Package hyperref Info: backreferencing OFF on input line 6313.
Package hyperref Info: Link coloring OFF on input line 6318.
Package hyperref Info: Link coloring with OCG OFF on input line 6323.
Package hyperref Info: PDF/A mode OFF on input line 6328.
LaTeX Info: Redefining \ref on input line 6368.
LaTeX Info: Redefining \pageref on input line 6372.
\Hy@abspage=\count99
\c@Item=\count100
\c@Hfootnote=\count101
)

Package hyperref Message: Driver (autodetected): hpdftex.

(/usr/local/texlive/2016/texmf-dist/tex/latex/hyperref/hpdftex.def
File: hpdftex.def 2016/05/05 v6.83n Hyperref driver for pdfTeX
\Fld@listcount=\count102
\c@bookmark@seq@number=\count103

(/usr/local/texlive/2016/texmf-dist/tex/latex/oberdiek/rerunfilecheck.sty
Package: rerunfilecheck 2016/05/16 v1.8 Rerun checks for auxiliary files (HO)
Package uniquecounter Info: New unique counter `rerunfilecheck' on input line 2
82.
)
\Hy@SectionHShift=\skip55
)
(/usr/local/texlive/2016/texmf-dist/tex/latex/amsmath/amsmath.sty
Package: amsmath 2016/03/10 v2.15b AMS math features
\@mathmargin=\skip56

For additional information on amsmath, use the `?' option.
(/usr/local/texlive/2016/texmf-dist/tex/latex/amsmath/amstext.sty
Package: amstext 2000/06/29 v2.01 AMS text

(/usr/local/texlive/2016/texmf-dist/tex/latex/amsmath/amsgen.sty
File: amsgen.sty 1999/11/30 v2.0 generic functions
\@emptytoks=\toks16
\ex@=\dimen123
))
(/usr/local/texlive/2016/texmf-dist/tex/latex/amsmath/amsbsy.sty
Package: amsbsy 1999/11/29 v1.2d Bold Symbols
\pmbraise@=\dimen124
)
(/usr/local/texlive/2016/texmf-dist/tex/latex/amsmath/amsopn.sty
Package: amsopn 2016/03/08 v2.02 operator names
)
\inf@bad=\count104
LaTeX Info: Redefining \frac on input line 199.
\uproot@=\count105
\leftroot@=\count106
LaTeX Info: Redefining \overline on input line 297.
\classnum@=\count107
\DOTSCASE@=\count108
LaTeX Info: Redefining \ldots on input line 394.
LaTeX Info: Redefining \dots on input line 397.
LaTeX Info: Redefining \cdots on input line 518.
\Mathstrutbox@=\box26
\strutbox@=\box27
\big@size=\dimen125
LaTeX Font Info:    Redeclaring font encoding OML on input line 634.
LaTeX Font Info:    Redeclaring font encoding OMS on input line 635.
\macc@depth=\count109
\c@MaxMatrixCols=\count110
\dotsspace@=\muskip11
\c@parentequation=\count111
\dspbrk@lvl=\count112
\tag@help=\toks17
\row@=\count113
\column@=\count114
\maxfields@=\count115
\andhelp@=\toks18
\eqnshift@=\dimen126
\alignsep@=\dimen127
\tagshift@=\dimen128
\tagwidth@=\dimen129
\totwidth@=\dimen130
\lineht@=\dimen131
\@envbody=\toks19
\multlinegap=\skip57
\multlinetaggap=\skip58
\mathdisplay@stack=\toks20
LaTeX Info: Redefining \[ on input line 2739.
LaTeX Info: Redefining \] on input line 2740.
)
(/usr/local/texlive/2016/texmf-dist/tex/latex/upquote/upquote.sty
Package: upquote 2012/04/19 v1.3 upright-quote and grave-accent glyphs in verba
tim
)
(./optimizer_report_final.aux)
\openout1 = `optimizer_report_final.aux'.

LaTeX Font Info:    Checking defaults for OML/cmm/m/it on input line 84.
LaTeX Font Info:    ... okay on input line 84.
LaTeX Font Info:    Checking defaults for T1/cmr/m/n on input line 84.
LaTeX Font Info:    ... okay on input line 84.
LaTeX Font Info:    Checking defaults for OT1/cmr/m/n on input line 84.
LaTeX Font Info:    ... okay on input line 84.
LaTeX Font Info:    Checking defaults for OMS/cmsy/m/n on input line 84.
LaTeX Font Info:    ... okay on input line 84.
LaTeX Font Info:    Checking defaults for OMX/cmex/m/n on input line 84.
LaTeX Font Info:    ... okay on input line 84.
LaTeX Font Info:    Checking defaults for U/cmr/m/n on input line 84.
LaTeX Font Info:    ... okay on input line 84.
LaTeX Font Info:    Checking defaults for PD1/pdf/m/n on input line 84.
LaTeX Font Info:    ... okay on input line 84.

(/usr/local/texlive/2016/texmf-dist/tex/context/base/mkii/supp-pdf.mkii
[Loading MPS to PDF converter (version 2006.09.02).]
\scratchcounter=\count116
\scratchdimen=\dimen132
\scratchbox=\box28
\nofMPsegments=\count117
\nofMParguments=\count118
\everyMPshowfont=\toks21
\MPscratchCnt=\count119
\MPscratchDim=\dimen133
\MPnumerator=\count120
\makeMPintoPDFobject=\count121
\everyMPtoPDFconversion=\toks22
) (/usr/local/texlive/2016/texmf-dist/tex/latex/oberdiek/epstopdf-base.sty
Package: epstopdf-base 2016/05/15 v2.6 Base part for package epstopdf

(/usr/local/texlive/2016/texmf-dist/tex/latex/oberdiek/grfext.sty
Package: grfext 2016/05/16 v1.2 Manage graphics extensions (HO)
)
Package grfext Info: Graphics extension search list:
(grfext)             [.png,.pdf,.jpg,.mps,.jpeg,.jbig2,.jb2,.PNG,.PDF,.JPG,.JPE
G,.JBIG2,.JB2,.eps]
(grfext)             \AppendGraphicsExtensions on input line 456.

(/usr/local/texlive/2016/texmf-dist/tex/latex/latexconfig/epstopdf-sys.cfg
File: epstopdf-sys.cfg 2010/07/13 v1.3 Configuration of (r)epstopdf for TeX Liv
e
))
*geometry* driver: auto-detecting
*geometry* detected driver: pdftex
*geometry* verbose mode - [ preamble ] result:
* driver: pdftex
* paper: <default>
* layout: <same size as paper>
* layoutoffset:(h,v)=(0.0pt,0.0pt)
* modes: 
* h-part:(L,W,R)=(54.2025pt, 505.89pt, 54.2025pt)
* v-part:(T,H,B)=(54.2025pt, 686.56499pt, 54.2025pt)
* \paperwidth=614.295pt
* \paperheight=794.96999pt
* \textwidth=505.89pt
* \textheight=686.56499pt
* \oddsidemargin=-18.06749pt
* \evensidemargin=-18.06749pt
* \topmargin=-55.06749pt
* \headheight=12.0pt
* \headsep=25.0pt
* \topskip=10.0pt
* \footskip=30.0pt
* \marginparwidth=65.0pt
* \marginparsep=11.0pt
* \columnsep=10.0pt
* \skip\footins=9.0pt plus 4.0pt minus 2.0pt
* \hoffset=0.0pt
* \voffset=0.0pt
* \mag=1000
* \@twocolumnfalse
* \@twosidefalse
* \@mparswitchfalse
* \@reversemarginfalse
* (1in=72.27pt=25.4mm, 1cm=28.453pt)

\AtBeginShipoutBox=\box29
Package hyperref Info: Link coloring OFF on input line 84.
(/usr/local/texlive/2016/texmf-dist/tex/latex/hyperref/nameref.sty
Package: nameref 2012/10/27 v2.43 Cross-referencing by name of section

(/usr/local/texlive/2016/texmf-dist/tex/generic/oberdiek/gettitlestring.sty
Package: gettitlestring 2016/05/16 v1.5 Cleanup title references (HO)
)
\c@section@level=\count122
)
LaTeX Info: Redefining \ref on input line 84.
LaTeX Info: Redefining \pageref on input line 84.
LaTeX Info: Redefining \nameref on input line 84.

(./optimizer_report_final.out) (./optimizer_report_final.out)
\@outlinefile=\write3
\openout3 = `optimizer_report_final.out'.



LaTeX Warning: No \author given.

LaTeX Font Info:    Try loading font information for OMS+cmr on input line 101.

(/usr/local/texlive/2016/texmf-dist/tex/latex/base/omscmr.fd
File: omscmr.fd 2014/09/29 v2.5h Standard LaTeX font definitions
)
LaTeX Font Info:    Font shape `OMS/cmr/m/n' in size <10> not available
(Font)              Font shape `OMS/cmsy/m/n' tried instead on input line 101.

Overfull \hbox (2.4353pt too wide) in paragraph at lines 110--111
\OT1/cmr/m/n/10 COMES THAT EX-PAND VER-SUS RE-STRICT EN-ROLL-MENT CRI-TE-RIA, T
O TEST NON-INFERIORITY
 []

[1


{/usr/local/texlive/2016/texmf-var/fonts/map/pdftex/updmap/pdftex.map}]

LaTeX Warning: Reference `tab:ui-outcome-mean' on page 2 undefined on input lin
e 136.


LaTeX Warning: Reference `tab:ui-outcome-sd' on page 2 undefined on input line 
136.


Overfull \hbox (2.18324pt too wide) in paragraph at lines 147--154
 [][] 
 []

[2]
LaTeX Font Info:    Font shape `OT1/cmtt/bx/n' in size <10> not available
(Font)              Font shape `OT1/cmtt/m/n' tried instead on input line 210.

Overfull \hbox (29.60533pt too wide) in paragraph at lines 210--210
[]\OT1/cmtt/m/n/10 ## Error in data.frame(Stage = 1:nrow(my.table), my.table): 
arguments imply differing number of rows:
 []


Overfull \hbox (29.60533pt too wide) in paragraph at lines 215--215
[]\OT1/cmtt/m/n/10 ## Error in data.frame(Stage = 1:nrow(alpha.allocation), alp
ha.allocation): arguments imply differing
 []


Overfull \hbox (2.72551pt too wide) in paragraph at lines 234--235
[]\OT1/cmtt/m/n/10 ## Error in `colnames<-`(`*tmp*`, value = "Reject[]All[]Fals
e[]Null[]Hyp"): attempt to set 'colnames'
 []


Overfull \hbox (1.88556pt too wide) in paragraph at lines 236--237
[]\OT1/cmtt/m/n/10 ## Error in `colnames<-`(`*tmp*`, value = "Power[]"): attemp
t to set 'colnames' on an object with
 []


Overfull \hbox (29.60533pt too wide) in paragraph at lines 238--238
[]\OT1/cmtt/m/n/10 ## Error in data.frame(Scenario = 1:n.scenarios, my.table): 
arguments imply differing number of rows:
 []


Overfull \hbox (24.35538pt too wide) in paragraph at lines 243--244
[]\OT1/cmtt/m/n/10 ## Error in `colnames<-`(`*tmp*`, value = "Familywise Type I
 Error Rate"): attempt to set 'colnames'
 []


Overfull \hbox (13.85547pt too wide) in paragraph at lines 245--246
[]\OT1/cmtt/m/n/10 ## Error in names(my.table) <- "Familywise Type I error rate
": attempt to set an attribute on NULL[] 
 []


Overfull \hbox (29.60533pt too wide) in paragraph at lines 247--247
[]\OT1/cmtt/m/n/10 ## Error in data.frame(Scenario = 1:n.scenarios, my.table): 
arguments imply differing number of rows:
 []


Overfull \hbox (1.88556pt too wide) in paragraph at lines 252--253
[]\OT1/cmtt/m/n/10 ## Error in `colnames<-`(`*tmp*`, value = "TypeIerror[]"): a
ttempt to set 'colnames' on an object
 []


Overfull \hbox (29.60533pt too wide) in paragraph at lines 254--254
[]\OT1/cmtt/m/n/10 ## Error in data.frame(Scenario = 1:n.scenarios, my.table): 
arguments imply differing number of rows:
 []


Overfull \hbox (13.85547pt too wide) in paragraph at lines 259--260
[]\OT1/cmtt/m/n/10 ## Error in `$<-.data.frame`(`*tmp*`, scenario, value = c(1L
, 1L, 1L, 1L)): replacement has 4 rows,
 []


Overfull \hbox (24.35538pt too wide) in paragraph at lines 261--262
[]\OT1/cmtt/m/n/10 ## Error in `$<-.data.frame`(`*tmp*`, subpopulation, value =
 c(1L, 2L, 1L, : replacement has 4 rows,
 []


Overfull \hbox (19.10542pt too wide) in paragraph at lines 263--264
[]\OT1/cmtt/m/n/10 ## Error in `$<-.data.frame`(`*tmp*`, treatment, value = c("
A", "A", "B", : replacement has 4 rows,
 []


Overfull \hbox (19.10542pt too wide) in paragraph at lines 265--266
[]\OT1/cmtt/m/n/10 ## Error in data.frame(Scenario = scenario, Treatment = trea
tment, Subpop = subpopulation, : object
 []

[3

]
Overfull \hbox (50.60515pt too wide) in paragraph at lines 294--295
[]\OT1/cmtt/m/n/10 ## Error in data.frame(osoa.result$optima$per.stage.sample.s
izes$total.n.per.stage): object 'osoa.result'
 []


Overfull \hbox (29.60533pt too wide) in paragraph at lines 298--298
[]\OT1/cmtt/m/n/10 ## Error in data.frame(Stage = 1:nrow(my.table), my.table): 
arguments imply differing number of rows:
 []


Overfull \hbox (19.10542pt too wide) in paragraph at lines 303--304
[]\OT1/cmtt/m/n/10 ## Error in matrix(osoa.result$parameters$alpha.allocation *
 ui.total.alpha, : object 'osoa.result'
 []


Overfull \hbox (29.60533pt too wide) in paragraph at lines 305--305
[]\OT1/cmtt/m/n/10 ## Error in data.frame(Stage = 1:nrow(alpha.allocation), alp
ha.allocation): arguments imply differing
 []


Overfull \hbox (39.47519pt too wide) in paragraph at lines 323--324
[]\OT1/cmtt/m/n/10 ## Error in colnames(osoa.result$optima$conj.power) <- "Reje
ct[]All[]False[]Null[]Hyp": object 'osoa.result'
 []


Overfull \hbox (55.8551pt too wide) in paragraph at lines 325--326
[]\OT1/cmtt/m/n/10 ## Error in cbind(osoa.result$optima$empirical.power, osoa.r
esult$optima$conj.power): object 'osoa.result'
 []


Overfull \hbox (29.60533pt too wide) in paragraph at lines 329--329
[]\OT1/cmtt/m/n/10 ## Error in data.frame(Scenario = 1:n.scenarios, my.table): 
arguments imply differing number of rows:
 []


Overfull \hbox (3.35556pt too wide) in paragraph at lines 338--339
[]\OT1/cmtt/m/n/10 ## Error in names(my.table) <- "Familywise Type I error rate
": 'names' attribute [1] must be the
 []


Overfull \hbox (29.60533pt too wide) in paragraph at lines 340--340
[]\OT1/cmtt/m/n/10 ## Error in data.frame(Scenario = 1:n.scenarios, my.table): 
arguments imply differing number of rows:
 []


Overfull \hbox (29.60533pt too wide) in paragraph at lines 349--349
[]\OT1/cmtt/m/n/10 ## Error in data.frame(Scenario = 1:n.scenarios, my.table): 
arguments imply differing number of rows:
 []


Overfull \hbox (45.3552pt too wide) in paragraph at lines 354--355
[]\OT1/cmtt/m/n/10 ## Error in unlist(osoa.result$optima$bias.variance.mse.ci[i
.scenario, i.arm.pop]): object 'osoa.result'
 []


Overfull \hbox (13.85547pt too wide) in paragraph at lines 358--359
[]\OT1/cmtt/m/n/10 ## Error in `$<-.data.frame`(`*tmp*`, scenario, value = c(1L
, 1L, 1L, 1L)): replacement has 4 rows,
 []


Overfull \hbox (24.35538pt too wide) in paragraph at lines 360--361
[]\OT1/cmtt/m/n/10 ## Error in `$<-.data.frame`(`*tmp*`, subpopulation, value =
 c(1L, 2L, 1L, : replacement has 4 rows,
 []


Overfull \hbox (19.10542pt too wide) in paragraph at lines 362--363
[]\OT1/cmtt/m/n/10 ## Error in `$<-.data.frame`(`*tmp*`, treatment, value = c("
A", "A", "B", : replacement has 4 rows,
 []


Overfull \hbox (19.10542pt too wide) in paragraph at lines 364--365
[]\OT1/cmtt/m/n/10 ## Error in data.frame(Scenario = scenario, Treatment = trea
tment, Subpop = subpopulation, : object
 []

[4

] [5]
Overfull \hbox (50.60515pt too wide) in paragraph at lines 393--394
[]\OT1/cmtt/m/n/10 ## Error in data.frame(tsea.result$optima$per.stage.sample.s
izes$total.n.per.stage): object 'tsea.result'
 []


Overfull \hbox (29.60533pt too wide) in paragraph at lines 397--397
[]\OT1/cmtt/m/n/10 ## Error in data.frame(Stage = 1:nrow(my.table), my.table): 
arguments imply differing number of rows:
 []


Overfull \hbox (19.10542pt too wide) in paragraph at lines 402--403
[]\OT1/cmtt/m/n/10 ## Error in matrix(tsea.result$parameters$alpha.allocation *
 ui.total.alpha, : object 'tsea.result'
 []


Overfull \hbox (29.60533pt too wide) in paragraph at lines 404--404
[]\OT1/cmtt/m/n/10 ## Error in data.frame(Stage = 1:nrow(alpha.allocation), alp
ha.allocation): arguments imply differing
 []


Overfull \hbox (3.35556pt too wide) in paragraph at lines 409--410
[]\OT1/cmtt/m/n/10 ## Error in matrix(c(tsea.result$parameters$futility.boundar
ies, NA, NA), : object 'tsea.result'
 []


Overfull \hbox (61.10506pt too wide) in paragraph at lines 411--412
[]\OT1/cmtt/m/n/10 ## Error in names(futility.boundaries) <- paste0("Subpop", 1
:n.subpopulation): object 'futility.boundaries'
 []


Overfull \hbox (39.47519pt too wide) in paragraph at lines 436--437
[]\OT1/cmtt/m/n/10 ## Error in colnames(tsea.result$optima$conj.power) <- "Reje
ct[]All[]False[]Null[]Hyp": object 'tsea.result'
 []


Overfull \hbox (55.8551pt too wide) in paragraph at lines 438--439
[]\OT1/cmtt/m/n/10 ## Error in cbind(tsea.result$optima$empirical.power, tsea.r
esult$optima$conj.power): object 'tsea.result'
 []


Overfull \hbox (29.60533pt too wide) in paragraph at lines 442--442
[]\OT1/cmtt/m/n/10 ## Error in data.frame(Scenario = 1:n.scenarios, my.table): 
arguments imply differing number of rows:
 []


Overfull \hbox (3.35556pt too wide) in paragraph at lines 451--452
[]\OT1/cmtt/m/n/10 ## Error in names(my.table) <- "Familywise Type I error rate
": 'names' attribute [1] must be the
 []


Overfull \hbox (29.60533pt too wide) in paragraph at lines 453--453
[]\OT1/cmtt/m/n/10 ## Error in data.frame(Scenario = 1:n.scenarios, my.table): 
arguments imply differing number of rows:
 []

[6

]
Overfull \hbox (29.60533pt too wide) in paragraph at lines 462--462
[]\OT1/cmtt/m/n/10 ## Error in data.frame(Scenario = 1:n.scenarios, my.table): 
arguments imply differing number of rows:
 []


Overfull \hbox (50.60515pt too wide) in paragraph at lines 469--469
[]\OT1/cmtt/m/n/10 ## Error in data.frame(Scenario = c(1:n.scenarios, "average"
), ESS = my.table): arguments imply differing
 []


Overfull \hbox (24.35538pt too wide) in paragraph at lines 476--476
[]\OT1/cmtt/m/n/10 ## Error in data.frame(Scenario = c(1:n.scenarios, "average"
), Duration = my.table): arguments imply
 []


Overfull \hbox (45.3552pt too wide) in paragraph at lines 481--482
[]\OT1/cmtt/m/n/10 ## Error in unlist(tsea.result$optima$bias.variance.mse.ci[i
.scenario, i.arm.pop]): object 'tsea.result'
 []


Overfull \hbox (13.85547pt too wide) in paragraph at lines 485--486
[]\OT1/cmtt/m/n/10 ## Error in `$<-.data.frame`(`*tmp*`, scenario, value = c(1L
, 1L, 1L, 1L)): replacement has 4 rows,
 []


Overfull \hbox (24.35538pt too wide) in paragraph at lines 487--488
[]\OT1/cmtt/m/n/10 ## Error in `$<-.data.frame`(`*tmp*`, subpopulation, value =
 c(1L, 2L, 1L, : replacement has 4 rows,
 []


Overfull \hbox (19.10542pt too wide) in paragraph at lines 489--490
[]\OT1/cmtt/m/n/10 ## Error in `$<-.data.frame`(`*tmp*`, treatment, value = c("
A", "A", "B", : replacement has 4 rows,
 []


Overfull \hbox (19.10542pt too wide) in paragraph at lines 491--492
[]\OT1/cmtt/m/n/10 ## Error in data.frame(Scenario = scenario, Treatment = trea
tment, Subpop = subpopulation, : object
 []


Overfull \hbox (40.10524pt too wide) in paragraph at lines 500--501
[]\OT1/cmtt/m/n/10 ## Error in distribution.of.trials[is.na(distribution.of.tri
als)] <- 0: object 'distribution.of.trials'
 []


Overfull \hbox (13.85547pt too wide) in paragraph at lines 502--503
[]\OT1/cmtt/m/n/10 ## Error in aggregate(distribution.of.trials$proportion, by 
= list(distribution.of.trials$scenario,
 []


Overfull \hbox (34.85529pt too wide) in paragraph at lines 504--505
[]\OT1/cmtt/m/n/10 ## Error in names(plot.table.ss) <- c("scenario", "sample.si
ze", "proportion"): object 'plot.table.ss'
 []


Overfull \hbox (13.85547pt too wide) in paragraph at lines 506--507
[]\OT1/cmtt/m/n/10 ## Error in aggregate(distribution.of.trials$proportion, by 
= list(distribution.of.trials$scenario,
 []


Overfull \hbox (82.10487pt too wide) in paragraph at lines 508--509
[]\OT1/cmtt/m/n/10 ## Error in names(plot.table.duration) <- c("scenario", "dur
ation", "proportion"): object 'plot.table.duration'
 []


Overfull \hbox (13.85547pt too wide) in paragraph at lines 510--511
[]\OT1/cmtt/m/n/10 ## Error in ggplot(aes(y = proportion, x = factor(sample.siz
e), fill = factor(scenario)), : object
 []


Overfull \hbox (3.35556pt too wide) in paragraph at lines 512--512
[]\OT1/cmtt/m/n/10 ## Error in ggplot(aes(y = proportion, x = factor(neaten(dur
ation, 2)), fill = factor(scenario)),
 []

Package color Info: Redefining color shadecolor on input line 515.
[7]
Overfull \hbox (50.60515pt too wide) in paragraph at lines 544--545
[]\OT1/cmtt/m/n/10 ## Error in data.frame(tsoa.result$optima$per.stage.sample.s
izes$total.n.per.stage): object 'tsoa.result'
 []


Overfull \hbox (29.60533pt too wide) in paragraph at lines 548--548
[]\OT1/cmtt/m/n/10 ## Error in data.frame(Stage = 1:nrow(my.table), my.table): 
arguments imply differing number of rows:
 []


Overfull \hbox (19.10542pt too wide) in paragraph at lines 553--554
[]\OT1/cmtt/m/n/10 ## Error in matrix(tsoa.result$parameters$alpha.allocation *
 ui.total.alpha, : object 'tsoa.result'
 []


Overfull \hbox (29.60533pt too wide) in paragraph at lines 555--555
[]\OT1/cmtt/m/n/10 ## Error in data.frame(Stage = 1:nrow(alpha.allocation), alp
ha.allocation): arguments imply differing
 []


Overfull \hbox (3.35556pt too wide) in paragraph at lines 560--561
[]\OT1/cmtt/m/n/10 ## Error in matrix(c(tsoa.result$parameters$futility.boundar
ies, NA, NA), : object 'tsoa.result'
 []


Overfull \hbox (61.10506pt too wide) in paragraph at lines 562--563
[]\OT1/cmtt/m/n/10 ## Error in names(futility.boundaries) <- paste0("Subpop", 1
:n.subpopulation): object 'futility.boundaries'
 []


Overfull \hbox (39.47519pt too wide) in paragraph at lines 587--588
[]\OT1/cmtt/m/n/10 ## Error in colnames(tsea.result$optima$conj.power) <- "Reje
ct[]All[]False[]Null[]Hyp": object 'tsea.result'
 []


Overfull \hbox (55.8551pt too wide) in paragraph at lines 589--590
[]\OT1/cmtt/m/n/10 ## Error in cbind(tsea.result$optima$empirical.power, tsea.r
esult$optima$conj.power): object 'tsea.result'
 []


Overfull \hbox (29.60533pt too wide) in paragraph at lines 593--593
[]\OT1/cmtt/m/n/10 ## Error in data.frame(Scenario = 1:n.scenarios, my.table): 
arguments imply differing number of rows:
 []


Overfull \hbox (3.35556pt too wide) in paragraph at lines 602--603
[]\OT1/cmtt/m/n/10 ## Error in names(my.table) <- "Familywise Type I error rate
": 'names' attribute [1] must be the
 []


Overfull \hbox (29.60533pt too wide) in paragraph at lines 604--604
[]\OT1/cmtt/m/n/10 ## Error in data.frame(Scenario = 1:n.scenarios, my.table): 
arguments imply differing number of rows:
 []

[8

]
Overfull \hbox (29.60533pt too wide) in paragraph at lines 613--613
[]\OT1/cmtt/m/n/10 ## Error in data.frame(Scenario = 1:n.scenarios, my.table): 
arguments imply differing number of rows:
 []


Overfull \hbox (50.60515pt too wide) in paragraph at lines 620--620
[]\OT1/cmtt/m/n/10 ## Error in data.frame(Scenario = c(1:n.scenarios, "average"
), ESS = my.table): arguments imply differing
 []


Overfull \hbox (24.35538pt too wide) in paragraph at lines 627--627
[]\OT1/cmtt/m/n/10 ## Error in data.frame(Scenario = c(1:n.scenarios, "average"
), Duration = my.table): arguments imply
 []


Overfull \hbox (45.3552pt too wide) in paragraph at lines 632--633
[]\OT1/cmtt/m/n/10 ## Error in unlist(tsoa.result$optima$bias.variance.mse.ci[i
.scenario, i.arm.pop]): object 'tsoa.result'
 []


Overfull \hbox (13.85547pt too wide) in paragraph at lines 636--637
[]\OT1/cmtt/m/n/10 ## Error in `$<-.data.frame`(`*tmp*`, scenario, value = c(1L
, 1L, 1L, 1L)): replacement has 4 rows,
 []


Overfull \hbox (24.35538pt too wide) in paragraph at lines 638--639
[]\OT1/cmtt/m/n/10 ## Error in `$<-.data.frame`(`*tmp*`, subpopulation, value =
 c(1L, 2L, 1L, : replacement has 4 rows,
 []


Overfull \hbox (19.10542pt too wide) in paragraph at lines 640--641
[]\OT1/cmtt/m/n/10 ## Error in `$<-.data.frame`(`*tmp*`, treatment, value = c("
A", "A", "B", : replacement has 4 rows,
 []


Overfull \hbox (19.10542pt too wide) in paragraph at lines 642--643
[]\OT1/cmtt/m/n/10 ## Error in data.frame(Scenario = scenario, Treatment = trea
tment, Subpop = subpopulation, : object
 []


Overfull \hbox (40.10524pt too wide) in paragraph at lines 651--652
[]\OT1/cmtt/m/n/10 ## Error in distribution.of.trials[is.na(distribution.of.tri
als)] <- 0: object 'distribution.of.trials'
 []


Overfull \hbox (13.85547pt too wide) in paragraph at lines 653--654
[]\OT1/cmtt/m/n/10 ## Error in aggregate(distribution.of.trials$proportion, by 
= list(distribution.of.trials$scenario,
 []


Overfull \hbox (34.85529pt too wide) in paragraph at lines 655--656
[]\OT1/cmtt/m/n/10 ## Error in names(plot.table.ss) <- c("scenario", "sample.si
ze", "proportion"): object 'plot.table.ss'
 []


Overfull \hbox (13.85547pt too wide) in paragraph at lines 657--658
[]\OT1/cmtt/m/n/10 ## Error in aggregate(distribution.of.trials$proportion, by 
= list(distribution.of.trials$scenario,
 []


Overfull \hbox (82.10487pt too wide) in paragraph at lines 659--660
[]\OT1/cmtt/m/n/10 ## Error in names(plot.table.duration) <- c("scenario", "dur
ation", "proportion"): object 'plot.table.duration'
 []


Overfull \hbox (13.85547pt too wide) in paragraph at lines 661--662
[]\OT1/cmtt/m/n/10 ## Error in ggplot(aes(y = proportion, x = factor(sample.siz
e), fill = factor(scenario)), : object
 []


Overfull \hbox (3.35556pt too wide) in paragraph at lines 663--663
[]\OT1/cmtt/m/n/10 ## Error in ggplot(aes(y = proportion, x = factor(neaten(dur
ation, 2)), fill = factor(scenario)),
 []

Package color Info: Redefining color shadecolor on input line 666.
[9]
Package atveryend Info: Empty hook `BeforeClearDocument' on input line 700.
 [10

]
Package atveryend Info: Empty hook `AfterLastShipout' on input line 700.
 (./optimizer_report_final.aux)
Package atveryend Info: Executing hook `AtVeryEndDocument' on input line 700.
Package atveryend Info: Executing hook `AtEndAfterFileList' on input line 700.
Package rerunfilecheck Info: File `optimizer_report_final.out' has not changed.

(rerunfilecheck)             Checksum: DFEAE82E667128CE24AC6F631FA44EC9;993.


LaTeX Warning: There were undefined references.


LaTeX Warning: Label(s) may have changed. Rerun to get cross-references right.

Package atveryend Info: Empty hook `AtVeryVeryEnd' on input line 700.
 ) 
Here is how much of TeX's memory you used:
 6598 strings out of 493014
 96825 string characters out of 6133351
 197079 words of memory out of 5000000
 10000 multiletter control sequences out of 15000+600000
 9191 words of font info for 34 fonts, out of 8000000 for 9000
 1141 hyphenation exceptions out of 8191
 31i,9n,32p,927b,391s stack positions out of 5000i,500n,10000p,200000b,80000s
pdfTeX warning (dest): name{figure.5.1} has been referenced but does not exis
t, replaced by a fixed one

pdfTeX warning (dest): name{table.5.9} has been referenced but does not exist, 
replaced by a fixed one

pdfTeX warning (dest): name{table.5.8} has been referenced but does not exist, 
replaced by a fixed one

pdfTeX warning (dest): name{table.5.7} has been referenced but does not exist, 
replaced by a fixed one

pdfTeX warning (dest): name{table.5.6} has been referenced but does not exist, 
replaced by a fixed one

pdfTeX warning (dest): name{table.5.5} has been referenced but does not exist, 
replaced by a fixed one

pdfTeX warning (dest): name{table.5.4} has been referenced but does not exist, 
replaced by a fixed one

pdfTeX warning (dest): name{table.5.3} has been referenced but does not exist, 
replaced by a fixed one

pdfTeX warning (dest): name{table.5.2} has been referenced but does not exist, 
replaced by a fixed one

pdfTeX warning (dest): name{table.5.1} has been referenced but does not exist, 
replaced by a fixed one

pdfTeX warning (dest): name{figure.4.1} has been referenced but does not exist,
 replaced by a fixed one

pdfTeX warning (dest): name{table.4.9} has been referenced but does not exist, 
replaced by a fixed one

pdfTeX warning (dest): name{table.4.8} has been referenced but does not exist, 
replaced by a fixed one

pdfTeX warning (dest): name{table.4.7} has been referenced but does not exist, 
replaced by a fixed one

pdfTeX warning (dest): name{table.4.6} has been referenced but does not exist, 
replaced by a fixed one

pdfTeX warning (dest): name{table.4.5} has been referenced but does not exist, 
replaced by a fixed one

pdfTeX warning (dest): name{table.4.4} has been referenced but does not exist, 
replaced by a fixed one

pdfTeX warning (dest): name{table.4.3} has been referenced but does not exist, 
replaced by a fixed one

pdfTeX warning (dest): name{table.4.2} has been referenced but does not exist, 
replaced by a fixed one

pdfTeX warning (dest): name{table.4.1} has been referenced but does not exist, 
replaced by a fixed one

pdfTeX warning (dest): name{table.3.6} has been referenced but does not exist, 
replaced by a fixed one

pdfTeX warning (dest): name{table.3.5} has been referenced but does not exist, 
replaced by a fixed one

pdfTeX warning (dest): name{table.3.4} has been referenced but does not exist, 
replaced by a fixed one

pdfTeX warning (dest): name{table.3.3} has been referenced but does not exist, 
replaced by a fixed one

pdfTeX warning (dest): name{table.3.2} has been referenced but does not exist, 
replaced by a fixed one

pdfTeX warning (dest): name{table.3.1} has been referenced but does not exist, 
replaced by a fixed one

pdfTeX warning (dest): name{table.2.6} has been referenced but does not exist, 
replaced by a fixed one

pdfTeX warning (dest): name{table.2.5} has been referenced but does not exist, 
replaced by a fixed one

pdfTeX warning (dest): name{table.2.4} has been referenced but does not exist, 
replaced by a fixed one

pdfTeX warning (dest): name{table.2.3} has been referenced but does not exist, 
replaced by a fixed one

pdfTeX warning (dest): name{table.2.2} has been referenced but does not exist, 
replaced by a fixed one

pdfTeX warning (dest): name{table.2.1} has been referenced but does not exist, 
replaced by a fixed one

</usr/local/texlive/2016/texmf-dist/fonts/type1/public/amsfonts/cm/cmbx10.pfb><
/usr/local/texlive/2016/texmf-dist/fonts/type1/public/amsfonts/cm/cmbx12.pfb></
usr/local/texlive/2016/texmf-dist/fonts/type1/public/amsfonts/cm/cmmi10.pfb></u
sr/local/texlive/2016/texmf-dist/fonts/type1/public/amsfonts/cm/cmr10.pfb></usr
/local/texlive/2016/texmf-dist/fonts/type1/public/amsfonts/cm/cmr12.pfb></usr/l
ocal/texlive/2016/texmf-dist/fonts/type1/public/amsfonts/cm/cmr17.pfb></usr/loc
al/texlive/2016/texmf-dist/fonts/type1/public/amsfonts/cm/cmsy10.pfb></usr/loca
l/texlive/2016/texmf-dist/fonts/type1/public/amsfonts/cm/cmtt10.pfb>
Output written on optimizer_report_final.pdf (10 pages, 122052 bytes).
PDF statistics:
 231 PDF objects out of 1000 (max. 8388607)
 208 compressed objects within 3 object streams
 61 named destinations out of 1000 (max. 500000)
 121 words of extra memory for PDF output out of 10000 (max. 10000000)

